<?xml version="1.0" encoding="UTF-8"?>
<!-- Generated by org.testng.reporters.JUnitReportReporter -->
<testsuite hostname="Rinaldo" failures="0" tests="1" name="com.qa.base.Base" time="2.158" errors="0" timestamp="2024-07-23T20:01:05 IST" skipped="0">
  <testcase classname="com.qa.base.Base" name="LaunchApp" time="2.158"/>
</testsuite> <!-- com.qa.base.Base -->
