<?xml version="1.0" encoding="UTF-8"?>
<!-- Generated by org.testng.reporters.JUnitReportReporter -->
<testsuite hostname="Rinaldo" failures="0" tests="1" name="com.qa.testcases.LoginTest" time="4.360" errors="0" timestamp="2024-08-03T22:21:31 IST" skipped="0">
  <testcase classname="com.qa.testcases.LoginTest" name="ValidateForgotPasswordLink" time="4.360"/>
</testsuite> <!-- com.qa.testcases.LoginTest -->
