<?xml version="1.0" encoding="UTF-8"?>
<!-- Generated by org.testng.reporters.JUnitReportReporter -->
<testsuite hostname="Rinaldo" failures="0" tests="1" name="com.qa.testcases.RegisterTest" time="4.168" errors="0" timestamp="2024-08-03T22:21:31 IST" skipped="0">
  <testcase classname="com.qa.testcases.RegisterTest" name="verifyRegisterPageDetails" time="4.168"/>
</testsuite> <!-- com.qa.testcases.RegisterTest -->
