<?xml version="1.0" encoding="UTF-8"?>
<!-- Generated by org.testng.reporters.JUnitReportReporter -->
<testsuite hostname="Rinaldo" failures="0" tests="4" name="com.qa.register.RegisterTest" time="10.730" errors="0" timestamp="2024-07-24T20:21:38 IST" skipped="0">
  <testcase classname="com.qa.register.RegisterTest" name="registerNewUser" time="4.462"/>
  <testcase classname="com.qa.register.RegisterTest" name="registerNewUserWithNewsLetter" time="3.022"/>
  <testcase classname="com.qa.register.RegisterTest" name="registerNewUserWithNoInfo" time="1.659"/>
  <testcase classname="com.qa.register.RegisterTest" name="verifyRegisterPageDetails" time="1.587"/>
</testsuite> <!-- com.qa.register.RegisterTest -->
