<?xml version="1.0" encoding="UTF-8"?>
<!-- Generated by org.testng.reporters.JUnitReportReporter -->
<testsuite hostname="Rinaldo" failures="0" tests="1" name="com.qa.register.LoginTest" time="3.544" errors="0" timestamp="2024-07-25T00:16:45 IST" skipped="0">
  <testcase classname="com.qa.register.LoginTest" name="LoginUser" time="3.544"/>
</testsuite> <!-- com.qa.register.LoginTest -->
