<?xml version="1.0" encoding="UTF-8"?>
<!-- Generated by org.testng.reporters.JUnitReportReporter -->
<testsuite hostname="Rinaldo" failures="0" tests="9" name="com.qa.testcases.LoginTestCase" time="32.524" errors="0" timestamp="2024-08-05T16:30:14 IST" skipped="0">
  <testcase classname="com.qa.testcases.LoginTestCase" name="LoginWithValidCredsAndParrallelAttribute" time="4.552"/>
  <testcase classname="com.qa.testcases.LoginTestCase" name="LoginWithValidCredsAndParrallelAttribute" time="4.487"/>
  <testcase classname="com.qa.testcases.LoginTestCase" name="LoginWithValidCredsAndParrallelAttribute" time="4.702"/>
  <testcase classname="com.qa.testcases.LoginTestCase" name="LoginWithValidCredentials" time="2.739"/>
  <testcase classname="com.qa.testcases.LoginTestCase" name="ValidateForgotPasswordLink" time="2.201"/>
  <testcase classname="com.qa.testcases.LoginTestCase" name="LoginWithInvalidCredentials" time="3.395"/>
  <testcase classname="com.qa.testcases.LoginTestCase" name="LoginWithValidCredsAndParrallelAttribute" time="4.900"/>
  <testcase classname="com.qa.testcases.LoginTestCase" name="LoginWithValidCredentials" time="3.133"/>
  <testcase classname="com.qa.testcases.LoginTestCase" name="LoginWithInvalidCredentials" time="2.415"/>
</testsuite> <!-- com.qa.testcases.LoginTestCase -->
