<?xml version="1.0" encoding="UTF-8"?>
<!-- Generated by org.testng.reporters.JUnitReportReporter -->
<testsuite hostname="Rinaldo" failures="0" tests="4" name="com.qa.testcases.RegisterTestCase" time="16.870" errors="0" timestamp="2024-08-05T16:27:17 IST" skipped="0">
  <testcase classname="com.qa.testcases.RegisterTestCase" name="registerNewUserWithNoInfo" time="3.757"/>
  <testcase classname="com.qa.testcases.RegisterTestCase" name="verifyRegisterPageDetails" time="2.431"/>
  <testcase classname="com.qa.testcases.RegisterTestCase" name="registerNewUserWithNewsLetter" time="6.478"/>
  <testcase classname="com.qa.testcases.RegisterTestCase" name="registerNewUser" time="4.204"/>
</testsuite> <!-- com.qa.testcases.RegisterTestCase -->
