<?xml version="1.0" encoding="UTF-8"?>
<!-- Generated by org.testng.reporters.JUnitReportReporter -->
<testsuite hostname="Rinaldo" failures="0" tests="1" name="com.qa.testcases.SearchProducts" time="2.856" errors="0" timestamp="2024-08-03T22:21:31 IST" skipped="0">
  <testcase classname="com.qa.testcases.SearchProducts" name="searchExistingProduct" time="2.856"/>
</testsuite> <!-- com.qa.testcases.SearchProducts -->
